<?xml version="1.0" encoding="UTF-8"?>
<robot generator="Robot 4.1.3 (Python 3.10.2 on win32)" generated="20220322 19:52:32.307" rpa="false" schemaversion="2">
<suite id="s1" name="Jiomart Login Suite" source="E:\LTTS\robort\caption_project\jiomart_suite\jiomart_login_suite.robot">
<test id="s1-t1" name="TC2">
<kw name="Append To Environment Variable" library="OperatingSystem">
<arg>Path</arg>
<arg>${EXECDIR}${/}driver${/}</arg>
<doc>Appends given ``values`` to environment variable ``name``.</doc>
<msg timestamp="20220322 19:52:32.748" level="INFO">Environment variable 'Path' set to value 'C:\WINDOWS\system32;C:\WINDOWS;C:\WINDOWS\System32\Wbem;C:\WINDOWS\System32\WindowsPowerShell\v1.0\;C:\WINDOWS\System32\OpenSSH\;C:\Program Files (x86)\Microsoft SQL Server\100\Tools\Binn\;C:\Program Files\Microsoft SQL Server\100\Tools\Binn\;C:\Program Files\Microsoft SQL Server\100\DTS\Binn\;C:\Program Files\Git\cmd;C:\Users\DELL\AppData\Local\Programs\Python\Python310\Scripts\;C:\Users\DELL\AppData\Local\Programs\Python\Python310\;C:\Users\DELL\AppData\Local\Microsoft\WindowsApps;;C:\Users\DELL\AppData\Local\Programs\Microsoft VS Code\bin;E:\LTTS\robort\caption_project\driver\'.</msg>
<status status="PASS" starttime="20220322 19:52:32.747" endtime="20220322 19:52:32.748"/>
</kw>
<kw name="Open Browser" library="SeleniumLibrary">
<arg>url=https://www.jiomart.com/</arg>
<arg>browser=chrome</arg>
<doc>Opens a new browser instance to the optional ``url``.</doc>
<msg timestamp="20220322 19:52:32.748" level="INFO">Opening browser 'chrome' to base url 'https://www.jiomart.com/'.</msg>
<status status="PASS" starttime="20220322 19:52:32.748" endtime="20220322 19:52:45.094"/>
</kw>
<kw name="Maximize Browser Window" library="SeleniumLibrary">
<doc>Maximizes current browser window.</doc>
<status status="PASS" starttime="20220322 19:52:45.097" endtime="20220322 19:52:45.296"/>
</kw>
<kw name="Set Selenium Implicit Wait" library="SeleniumLibrary">
<arg>20s</arg>
<doc>Sets the implicit wait value used by Selenium.</doc>
<status status="PASS" starttime="20220322 19:52:45.304" endtime="20220322 19:52:45.307"/>
</kw>
<kw name="Mouse Over" library="SeleniumLibrary">
<arg>xpath=//a[@title='Staples']</arg>
<doc>Simulates hovering the mouse over the element ``locator``.</doc>
<msg timestamp="20220322 19:52:45.310" level="INFO">Simulating Mouse Over on element 'xpath=//a[@title='Staples']'.</msg>
<status status="PASS" starttime="20220322 19:52:45.308" endtime="20220322 19:52:45.756"/>
</kw>
<kw name="Click Element" library="SeleniumLibrary">
<arg>xpath=//a[@title='Atta, Flours &amp; Sooji']</arg>
<doc>Click the element identified by ``locator``.</doc>
<msg timestamp="20220322 19:52:45.757" level="INFO">Clicking element 'xpath=//a[@title='Atta, Flours &amp; Sooji']'.</msg>
<status status="PASS" starttime="20220322 19:52:45.757" endtime="20220322 19:52:46.945"/>
</kw>
<kw name="Click Element" library="SeleniumLibrary">
<arg>xpath=//img[@alt='Suji / Rawa 1 kg']</arg>
<doc>Click the element identified by ``locator``.</doc>
<msg timestamp="20220322 19:52:46.958" level="INFO">Clicking element 'xpath=//img[@alt='Suji / Rawa 1 kg']'.</msg>
<status status="PASS" starttime="20220322 19:52:46.957" endtime="20220322 19:52:47.490"/>
</kw>
<kw name="Click Element" library="SeleniumLibrary">
<arg>xpath=//button[@title='ADD TO CART']</arg>
<doc>Click the element identified by ``locator``.</doc>
<msg timestamp="20220322 19:52:47.491" level="INFO">Clicking element 'xpath=//button[@title='ADD TO CART']'.</msg>
<status status="PASS" starttime="20220322 19:52:47.491" endtime="20220322 19:52:48.635"/>
</kw>
<kw name="Mouse Over" library="SeleniumLibrary">
<arg>xpath=//a[@title='Men']</arg>
<doc>Simulates hovering the mouse over the element ``locator``.</doc>
<msg timestamp="20220322 19:52:48.640" level="INFO">Simulating Mouse Over on element 'xpath=//a[@title='Men']'.</msg>
<status status="PASS" starttime="20220322 19:52:48.639" endtime="20220322 19:52:48.941"/>
</kw>
<kw name="Click Element" library="SeleniumLibrary">
<arg>xpath=//a[@title='Ethnic Wear']</arg>
<doc>Click the element identified by ``locator``.</doc>
<msg timestamp="20220322 19:52:48.943" level="INFO">Clicking element 'xpath=//a[@title='Ethnic Wear']'.</msg>
<status status="PASS" starttime="20220322 19:52:48.943" endtime="20220322 19:52:51.425"/>
</kw>
<kw name="Click Element" library="SeleniumLibrary">
<arg>xpath=//img[@alt='112A_Printed_Nehru_38']</arg>
<doc>Click the element identified by ``locator``.</doc>
<msg timestamp="20220322 19:52:51.427" level="INFO">Clicking element 'xpath=//img[@alt='112A_Printed_Nehru_38']'.</msg>
<status status="PASS" starttime="20220322 19:52:51.427" endtime="20220322 19:52:55.726"/>
</kw>
<kw name="Click Element" library="SeleniumLibrary">
<arg>xpath=//span[normalize-space()='XXL']</arg>
<doc>Click the element identified by ``locator``.</doc>
<msg timestamp="20220322 19:52:55.730" level="INFO">Clicking element 'xpath=//span[normalize-space()='XXL']'.</msg>
<status status="PASS" starttime="20220322 19:52:55.729" endtime="20220322 19:52:55.890"/>
</kw>
<kw name="Click Element" library="SeleniumLibrary">
<arg>xpath=(//button[@title='ADD TO CART'])[1]</arg>
<doc>Click the element identified by ``locator``.</doc>
<msg timestamp="20220322 19:52:55.892" level="INFO">Clicking element 'xpath=(//button[@title='ADD TO CART'])[1]'.</msg>
<status status="PASS" starttime="20220322 19:52:55.891" endtime="20220322 19:52:56.435"/>
</kw>
<kw name="Mouse Over" library="SeleniumLibrary">
<arg>xpath=//a[@title='Boys']</arg>
<doc>Simulates hovering the mouse over the element ``locator``.</doc>
<msg timestamp="20220322 19:52:56.439" level="INFO">Simulating Mouse Over on element 'xpath=//a[@title='Boys']'.</msg>
<status status="PASS" starttime="20220322 19:52:56.438" endtime="20220322 19:52:56.736"/>
</kw>
<kw name="Click Element" library="SeleniumLibrary">
<arg>xpath=//a[@title='Ethnic Wear']</arg>
<doc>Click the element identified by ``locator``.</doc>
<msg timestamp="20220322 19:52:56.739" level="INFO">Clicking element 'xpath=//a[@title='Ethnic Wear']'.</msg>
<msg timestamp="20220322 19:53:17.179" level="INFO" html="true">&lt;/td&gt;&lt;/tr&gt;&lt;tr&gt;&lt;td colspan="3"&gt;&lt;a href="selenium-screenshot-6.png"&gt;&lt;img src="selenium-screenshot-6.png" width="800px"&gt;&lt;/a&gt;</msg>
<msg timestamp="20220322 19:53:17.188" level="FAIL">ElementNotInteractableException: Message: element not interactable
  (Session info: chrome=99.0.4844.74)
</msg>
<status status="FAIL" starttime="20220322 19:52:56.738" endtime="20220322 19:53:17.188"/>
</kw>
<kw name="Click Element" library="SeleniumLibrary">
<arg>xpath=//img[@alt='DIGIMART Boys Multicolored Designer Cotton Pack of 1 Kurta Pyjama Set']</arg>
<doc>Click the element identified by ``locator``.</doc>
<status status="NOT RUN" starttime="20220322 19:53:17.191" endtime="20220322 19:53:17.191"/>
</kw>
<kw name="Click Element" library="SeleniumLibrary">
<arg>xpath=(//button[@title='ADD TO CART'])[1]</arg>
<doc>Click the element identified by ``locator``.</doc>
<status status="NOT RUN" starttime="20220322 19:53:17.193" endtime="20220322 19:53:17.193"/>
</kw>
<kw name="Mouse Over" library="SeleniumLibrary">
<arg>xpath=//a[@title='Girls']</arg>
<doc>Simulates hovering the mouse over the element ``locator``.</doc>
<status status="NOT RUN" starttime="20220322 19:53:17.195" endtime="20220322 19:53:17.195"/>
</kw>
<kw name="Click Element" library="SeleniumLibrary">
<arg>xpath=//a[@title='Eyewear']</arg>
<doc>Click the element identified by ``locator``.</doc>
<status status="NOT RUN" starttime="20220322 19:53:17.196" endtime="20220322 19:53:17.196"/>
</kw>
<kw name="Click Element" library="SeleniumLibrary">
<arg>xpath=//img[@alt='Zyaden Uv Protection Cat-Eye Full-Frame Black Sunglasses ,Girls']</arg>
<doc>Click the element identified by ``locator``.</doc>
<status status="NOT RUN" starttime="20220322 19:53:17.196" endtime="20220322 19:53:17.196"/>
</kw>
<kw name="Click Element" library="SeleniumLibrary">
<arg>xpath=(//button[@title='ADD TO CART'])[1]</arg>
<doc>Click the element identified by ``locator``.</doc>
<status status="NOT RUN" starttime="20220322 19:53:17.198" endtime="20220322 19:53:17.198"/>
</kw>
<kw name="Close Browser" library="SeleniumLibrary" type="TEARDOWN">
<doc>Closes the current browser.</doc>
<status status="PASS" starttime="20220322 19:53:17.200" endtime="20220322 19:53:19.657"/>
</kw>
<status status="FAIL" starttime="20220322 19:52:32.746" endtime="20220322 19:53:19.658">ElementNotInteractableException: Message: element not interactable
  (Session info: chrome=99.0.4844.74)
</status>
</test>
<status status="FAIL" starttime="20220322 19:52:32.359" endtime="20220322 19:53:19.661"/>
</suite>
<statistics>
<total>
<stat pass="0" fail="1" skip="0">All Tests</stat>
</total>
<tag>
</tag>
<suite>
<stat pass="0" fail="1" skip="0" id="s1" name="Jiomart Login Suite">Jiomart Login Suite</stat>
</suite>
</statistics>
<errors>
</errors>
</robot>
